<?xml version="1.0" encoding="UTF-8"?>
<testng-results ignored="0" total="1" passed="1" failed="0" skipped="0">
  <reporter-output>
  </reporter-output>
  <suite started-at="2023-01-26T19:35:25 IST" name="Suite" finished-at="2023-01-26T19:35:44 IST" duration-ms="19247">
    <groups>
    </groups>
    <test started-at="2023-01-26T19:35:25 IST" name="Test" finished-at="2023-01-26T19:35:44 IST" duration-ms="19247">
      <class name="com.yelo.testcases.TC1_Verfy_SignUp">
        <test-method is-config="true" signature="setup()[pri:0, instance:com.yelo.testcases.TC1_Verfy_SignUp@3e8c3cb]" started-at="2023-01-26T19:35:25 IST" name="setup" finished-at="2023-01-26T19:35:34 IST" duration-ms="8705" status="PASS">
          <reporter-output>
          </reporter-output>
        </test-method> <!-- setup -->
        <test-method signature="EnterSignUpPage()[pri:0, instance:com.yelo.testcases.TC1_Verfy_SignUp@3e8c3cb]" started-at="2023-01-26T19:35:34 IST" name="EnterSignUpPage" finished-at="2023-01-26T19:35:43 IST" duration-ms="9303" status="PASS">
          <reporter-output>
          </reporter-output>
        </test-method> <!-- EnterSignUpPage -->
        <test-method is-config="true" signature="tearDown()[pri:0, instance:com.yelo.testcases.TC1_Verfy_SignUp@3e8c3cb]" started-at="2023-01-26T19:35:43 IST" name="tearDown" finished-at="2023-01-26T19:35:44 IST" duration-ms="1136" status="PASS">
          <reporter-output>
          </reporter-output>
        </test-method> <!-- tearDown -->
      </class> <!-- com.yelo.testcases.TC1_Verfy_SignUp -->
    </test> <!-- Test -->
  </suite> <!-- Suite -->
</testng-results>
